Start testing: May 15 20:21 中国标准时间
----------------------------------------------------------
1/3 Testing: MathUtilsTest.Add
1/3 Test: MathUtilsTest.Add
Command: "D:/LearnSomething/LearnCmake/lab1/build/tests/Debug/test_math.exe" "--gtest_filter=MathUtilsTest.Add" "--gtest_also_run_disabled_tests"
Directory: D:/LearnSomething/LearnCmake/lab1/build/tests
"MathUtilsTest.Add" start time: May 15 20:21 中国标准时间
Output:
----------------------------------------------------------
Running main() from D:\LearnSomething\LearnCmake\lab1\build\_deps\googletest-src\googletest\src\gtest_main.cc
Note: Google Test filter = MathUtilsTest.Add
[==========] Running 1 test from 1 test suite.
[----------] Global test environment set-up.
[----------] 1 test from MathUtilsTest
[ RUN      ] MathUtilsTest.Add
[       OK ] MathUtilsTest.Add (0 ms)
[----------] 1 test from MathUtilsTest (0 ms total)

[----------] Global test environment tear-down
[==========] 1 test from 1 test suite ran. (0 ms total)
[  PASSED  ] 1 test.
<end of output>
Test time =   0.01 sec
----------------------------------------------------------
Test Passed.
"MathUtilsTest.Add" end time: May 15 20:21 中国标准时间
"MathUtilsTest.Add" time elapsed: 00:00:00
----------------------------------------------------------

2/3 Testing: MathUtilsTest.Multiply
2/3 Test: MathUtilsTest.Multiply
Command: "D:/LearnSomething/LearnCmake/lab1/build/tests/Debug/test_math.exe" "--gtest_filter=MathUtilsTest.Multiply" "--gtest_also_run_disabled_tests"
Directory: D:/LearnSomething/LearnCmake/lab1/build/tests
"MathUtilsTest.Multiply" start time: May 15 20:21 中国标准时间
Output:
----------------------------------------------------------
Running main() from D:\LearnSomething\LearnCmake\lab1\build\_deps\googletest-src\googletest\src\gtest_main.cc
Note: Google Test filter = MathUtilsTest.Multiply
[==========] Running 1 test from 1 test suite.
[----------] Global test environment set-up.
[----------] 1 test from MathUtilsTest
[ RUN      ] MathUtilsTest.Multiply
[       OK ] MathUtilsTest.Multiply (0 ms)
[----------] 1 test from MathUtilsTest (0 ms total)

[----------] Global test environment tear-down
[==========] 1 test from 1 test suite ran. (0 ms total)
[  PASSED  ] 1 test.
<end of output>
Test time =   0.01 sec
----------------------------------------------------------
Test Passed.
"MathUtilsTest.Multiply" end time: May 15 20:21 中国标准时间
"MathUtilsTest.Multiply" time elapsed: 00:00:00
----------------------------------------------------------

3/3 Testing: MathUtilsTest.Subtract
3/3 Test: MathUtilsTest.Subtract
Command: "D:/LearnSomething/LearnCmake/lab1/build/tests/Debug/test_math.exe" "--gtest_filter=MathUtilsTest.Subtract" "--gtest_also_run_disabled_tests"
Directory: D:/LearnSomething/LearnCmake/lab1/build/tests
"MathUtilsTest.Subtract" start time: May 15 20:21 中国标准时间
Output:
----------------------------------------------------------
Running main() from D:\LearnSomething\LearnCmake\lab1\build\_deps\googletest-src\googletest\src\gtest_main.cc
Note: Google Test filter = MathUtilsTest.Subtract
[==========] Running 1 test from 1 test suite.
[----------] Global test environment set-up.
[----------] 1 test from MathUtilsTest
[ RUN      ] MathUtilsTest.Subtract
[       OK ] MathUtilsTest.Subtract (0 ms)
[----------] 1 test from MathUtilsTest (0 ms total)

[----------] Global test environment tear-down
[==========] 1 test from 1 test suite ran. (0 ms total)
[  PASSED  ] 1 test.
<end of output>
Test time =   0.01 sec
----------------------------------------------------------
Test Passed.
"MathUtilsTest.Subtract" end time: May 15 20:21 中国标准时间
"MathUtilsTest.Subtract" time elapsed: 00:00:00
----------------------------------------------------------

End testing: May 15 20:21 中国标准时间
